<?xml version="1.0" encoding="UTF-8"?>
<!-- Generated by org.testng.reporters.JUnitReportReporter -->
<testsuite hostname="INBOOK_X1_SLIM" failures="0" tests="1" name="tests.LoginTest" time="3.423" errors="0" timestamp="2023-03-12T00:52:13 IST" skipped="0">
  <testcase classname="tests.LoginTest" name="loginTest" time="3.423"/>
  <system-out/>
</testsuite> <!-- tests.LoginTest -->
